<?xml version="1.0" encoding="UTF-8"?>
<testsuite xmlns:xsi="http://www.w3.org/2001/XMLSchema-instance" xsi:noNamespaceSchemaLocation="https://maven.apache.org/surefire/maven-surefire-plugin/xsd/surefire-test-report.xsd" name="ICalculatorTest" time="0.062" tests="6" errors="0" skipped="0" failures="0">
  <properties>
[...]
</properties>
  <testcase name="sumNull" classname="ICalculatorTest" time="0.015"/>
  <testcase name="sumZero" classname="ICalculatorTest" time="0"/>
  <testcase name="sumOverIntegerLimit" classname="ICalculatorTest" time="0"/>
  <testcase name="sumNegative" classname="ICalculatorTest" time="0"/>
  <testcase name="sum" classname="ICalculatorTest" time="0"/>
  <testcase name="sumLetter" classname="ICalculatorTest" time="0"/>
</testsuite>